Log file open, 07/23/20 09:45:51
LogInit: Display: Running engine for game: AttackGame
LogPlatformFile: Not using cached read wrapper
LogTaskGraph: Started task graph with 5 named threads and 23 total threads with 3 sets of task threads.
LogStats: Stats thread started at 2.596811
LogD3D11RHI: Loaded GFSDK_Aftermath_Lib.x64.dll
LogICUInternationalization: ICU TimeZone Detection - Raw Offset: +8:00, Platform Override: ''
LogPluginManager: Mounting plugin Paper2D
LogPluginManager: Mounting plugin AISupport
LogPluginManager: Mounting plugin LightPropagationVolume
LogPluginManager: Mounting plugin CameraShakePreviewer
LogPluginManager: Mounting plugin ActorLayerUtilities
LogPluginManager: Mounting plugin AnimationSharing
LogPluginManager: Mounting plugin CLionSourceCodeAccess
LogPluginManager: Mounting plugin CodeLiteSourceCodeAccess
LogPluginManager: Mounting plugin GitSourceControl
LogPluginManager: Mounting plugin KDevelopSourceCodeAccess
LogPluginManager: Mounting plugin NullSourceCodeAccess
LogPluginManager: Mounting plugin PerforceSourceControl
LogPluginManager: Mounting plugin PlasticSourceControl
LogPluginManager: Mounting plugin RiderSourceCodeAccess
LogPluginManager: Mounting plugin SubversionSourceControl
LogPluginManager: Mounting plugin UObjectPlugin
LogPluginManager: Mounting plugin VisualStudioCodeSourceCodeAccess
LogPluginManager: Mounting plugin VisualStudioSourceCodeAccess
LogPluginManager: Mounting plugin XCodeSourceCodeAccess
LogPluginManager: Mounting plugin AssetManagerEditor
LogPluginManager: Mounting plugin CryptoKeys
LogPluginManager: Mounting plugin CurveEditorTools
LogPluginManager: Mounting plugin DataValidation
LogPluginManager: Mounting plugin EditorScriptingUtilities
LogPluginManager: Mounting plugin FacialAnimation
LogPluginManager: Mounting plugin GameplayTagsEditor
LogPluginManager: Mounting plugin GeometryMode
LogPluginManager: Mounting plugin MacGraphicsSwitching
LogPluginManager: Mounting plugin MaterialAnalyzer
LogPluginManager: Mounting plugin MobileLauncherProfileWizard
LogPluginManager: Mounting plugin PluginBrowser
LogPluginManager: Mounting plugin SpeedTreeImporter
LogPluginManager: Mounting plugin DatasmithContent
LogPluginManager: Mounting plugin VariantManagerContent
LogPluginManager: Mounting plugin AlembicImporter
LogPluginManager: Mounting plugin AutomationUtils
LogPluginManager: Mounting plugin BackChannel
LogPluginManager: Mounting plugin ChaosCloth
LogPluginManager: Mounting plugin ChaosClothEditor
LogPluginManager: Mounting plugin ChaosEditor
LogPluginManager: Mounting plugin ChaosNiagara
LogPluginManager: Mounting plugin ChaosSolverPlugin
LogPluginManager: Mounting plugin CharacterAI
LogPluginManager: Mounting plugin GeometryCache
LogPluginManager: Mounting plugin GeometryCollectionPlugin
LogPluginManager: Mounting plugin GeometryProcessing
LogPluginManager: Mounting plugin PlanarCut
LogPluginManager: Mounting plugin PlatformCrypto
LogPluginManager: Mounting plugin ProxyLODPlugin
LogPluginManager: Mounting plugin SkeletalReduction
LogPluginManager: Mounting plugin Niagara
LogPluginManager: Mounting plugin MagicLeap
LogPluginManager: Mounting plugin MagicLeapLightEstimation
LogPluginManager: Mounting plugin MagicLeapMedia
LogPluginManager: Mounting plugin MagicLeapPassableWorld
LogPluginManager: Mounting plugin MLSDK
LogPluginManager: Mounting plugin AndroidMedia
LogPluginManager: Mounting plugin AvfMedia
LogPluginManager: Mounting plugin ImgMedia
LogPluginManager: Mounting plugin MediaCompositing
LogPluginManager: Mounting plugin MediaPlayerEditor
LogPluginManager: Mounting plugin WebMMedia
LogPluginManager: Mounting plugin WmfMedia
LogPluginManager: Mounting plugin MeshPainting
LogPluginManager: Mounting plugin TcpMessaging
LogPluginManager: Mounting plugin UdpMessaging
LogPluginManager: Mounting plugin ActorSequence
LogPluginManager: Mounting plugin LevelSequenceEditor
LogPluginManager: Mounting plugin MatineeToLevelSequence
LogPluginManager: Mounting plugin MovieRenderPipeline
LogPluginManager: Mounting plugin TemplateSequence
LogPluginManager: Mounting plugin NetcodeUnitTest
LogPluginManager: Mounting plugin NUTUnrealEngine4
LogPluginManager: Mounting plugin OnlineSubsystemGooglePlay
LogPluginManager: Mounting plugin OnlineSubsystemIOS
LogPluginManager: Mounting plugin OnlineSubsystem
LogPluginManager: Mounting plugin OnlineSubsystemNull
LogPluginManager: Mounting plugin OnlineSubsystemUtils
LogPluginManager: Mounting plugin LauncherChunkInstaller
LogPluginManager: Mounting plugin AndroidDeviceProfileSelector
LogPluginManager: Mounting plugin AndroidMoviePlayer
LogPluginManager: Mounting plugin AndroidPermission
LogPluginManager: Mounting plugin AppleImageUtils
LogPluginManager: Mounting plugin AppleMoviePlayer
LogPluginManager: Mounting plugin ArchVisCharacter
LogPluginManager: Mounting plugin AssetTags
LogPluginManager: Mounting plugin AudioCapture
LogPluginManager: Mounting plugin CableComponent
LogPluginManager: Mounting plugin CustomMeshComponent
LogPluginManager: Mounting plugin EditableMesh
LogPluginManager: Mounting plugin ExampleDeviceProfileSelector
LogPluginManager: Mounting plugin GoogleCloudMessaging
LogPluginManager: Mounting plugin GooglePAD
LogPluginManager: Mounting plugin IOSDeviceProfileSelector
LogPluginManager: Mounting plugin LinuxDeviceProfileSelector
LogPluginManager: Mounting plugin LocationServicesBPLibrary
LogPluginManager: Mounting plugin MobilePatchingUtils
LogPluginManager: Mounting plugin OculusVR
LogPluginManager: Mounting plugin PhysXVehicles
LogPluginManager: Mounting plugin PostSplashScreen
LogPluginManager: Mounting plugin ProceduralMeshComponent
LogPluginManager: Mounting plugin RuntimePhysXCooking
LogPluginManager: Mounting plugin SignificanceManager
LogPluginManager: Mounting plugin SoundFields
LogPluginManager: Mounting plugin SteamVR
LogPluginManager: Mounting plugin Synthesis
LogPluginManager: Mounting plugin WebMMoviePlayer
LogPluginManager: Mounting plugin WindowsMoviePlayer
LogPluginManager: Mounting plugin ScreenshotTools
LogInit: Using libcurl 7.55.1-DEV
LogInit:  - built for x86_64-pc-win32
LogInit:  - supports SSL with OpenSSL/1.1.1
LogInit:  - supports HTTP deflate (compression) using libz 1.2.8
LogInit:  - other features:
LogInit:      CURL_VERSION_SSL
LogInit:      CURL_VERSION_LIBZ
LogInit:      CURL_VERSION_IPV6
LogInit:      CURL_VERSION_ASYNCHDNS
LogInit:      CURL_VERSION_LARGEFILE
LogInit:      CURL_VERSION_IDN
LogInit:  CurlRequestOptions (configurable via config and command line):
LogInit:  - bVerifyPeer = true  - Libcurl will verify peer certificate
LogInit:  - bUseHttpProxy = false  - Libcurl will NOT use HTTP proxy
LogInit:  - bDontReuseConnections = false  - Libcurl will reuse connections
LogInit:  - MaxHostConnections = 16  - Libcurl will limit the number of connections to a host
LogInit:  - LocalHostAddr = Default
LogInit:  - BufferSize = 65536
LogOnline: OSS: Creating online subsystem instance for: NULL
LogInit: WinSock: version 1.1 (2.2), MaxSocks=32767, MaxUdp=65467
LogOnline: OSS: TryLoadSubsystemAndSetDefault: Loaded subsystem for module [NULL]
LogInit: Build: ++UE4+Release-4.25-CL-13594126
LogInit: Engine Version: 4.25.1-13594126+++UE4+Release-4.25
LogInit: Compatible Engine Version: 4.25.0-13144385+++UE4+Release-4.25
LogInit: Net CL: 13144385
LogInit: OS: Windows 10 (Release 1903) (), CPU: Intel(R) Core(TM) i7-7700 CPU @ 3.60GHz, GPU: NVIDIA GeForce GTX 1050
LogInit: Compiled (64-bit): Jun  2 2020 02:10:36
LogInit: Compiled with Visual C++: 19.24.28315.00
LogInit: Build Configuration: Development
LogInit: Branch Name: ++UE4+Release-4.25
LogInit: Command Line:  -EpicPortal -epicusername=hwpoo -epicuserid=faf5a0a5bfc84b4f895eda4b3e6bbbe3 -epiclocale=zh-CN
LogInit: Base Directory: F:/WorkProgram/Epic Games/UE_4.25/Engine/Binaries/Win64/
LogInit: Allocator: TBB
LogInit: Installed Engine Build: 1
LogDevObjectVersion: Number of dev versions registered: 26
LogDevObjectVersion:   Dev-Blueprints (B0D832E4-1F89-4F0D-ACCF-7EB736FD4AA2): 10
LogDevObjectVersion:   Dev-Build (E1C64328-A22C-4D53-A36C-8E866417BD8C): 0
LogDevObjectVersion:   Dev-Core (375EC13C-06E4-48FB-B500-84F0262A717E): 4
LogDevObjectVersion:   Dev-Editor (E4B068ED-F494-42E9-A231-DA0B2E46BB41): 38
LogDevObjectVersion:   Dev-Framework (CFFC743F-43B0-4480-9391-14DF171D2073): 37
LogDevObjectVersion:   Dev-Mobile (B02B49B5-BB20-44E9-A304-32B752E40360): 2
LogDevObjectVersion:   Dev-Networking (A4E4105C-59A1-49B5-A7C5-40C4547EDFEE): 0
LogDevObjectVersion:   Dev-Online (39C831C9-5AE6-47DC-9A44-9C173E1C8E7C): 0
LogDevObjectVersion:   Dev-Physics (78F01B33-EBEA-4F98-B9B4-84EACCB95AA2): 4
LogDevObjectVersion:   Dev-Platform (6631380F-2D4D-43E0-8009-CF276956A95A): 0
LogDevObjectVersion:   Dev-Rendering (12F88B9F-8875-4AFC-A67C-D90C383ABD29): 43
LogDevObjectVersion:   Dev-Sequencer (7B5AE74C-D270-4C10-A958-57980B212A5A): 12
LogDevObjectVersion:   Dev-VR (D7296918-1DD6-4BDD-9DE2-64A83CC13884): 3
LogDevObjectVersion:   Dev-LoadTimes (C2A15278-BFE7-4AFE-6C17-90FF531DF755): 1
LogDevObjectVersion:   Private-Geometry (6EACA3D4-40EC-4CC1-B786-8BED09428FC5): 3
LogDevObjectVersion:   Dev-AnimPhys (29E575DD-E0A3-4627-9D10-D276232CDCEA): 17
LogDevObjectVersion:   Dev-Anim (AF43A65D-7FD3-4947-9873-3E8ED9C1BB05): 7
LogDevObjectVersion:   Dev-ReflectionCapture (6B266CEC-1EC7-4B8F-A30B-E4D90942FC07): 1
LogDevObjectVersion:   Dev-Automation (0DF73D61-A23F-47EA-B727-89E90C41499A): 1
LogDevObjectVersion:   FortniteMain (601D1886-AC64-4F84-AA16-D3DE0DEAC7D6): 31
LogDevObjectVersion:   Dev-Enterprise (9DFFBCD6-494F-0158-E221-12823C92A888): 10
LogDevObjectVersion:   Dev-Niagara (F2AED0AC-9AFE-416F-8664-AA7FFA26D6FC): 1
LogDevObjectVersion:   Dev-Destruction (174F1F0B-B4C6-45A5-B13F-2EE8D0FB917D): 10
LogDevObjectVersion:   Dev-Physics-Ext (35F94A83-E258-406C-A318-09F59610247C): 37
LogDevObjectVersion:   Dev-PhysicsMaterial-Chaos (B68FC16E-8B1B-42E2-B453-215C058844FE): 1
LogDevObjectVersion:   Dev-CineCamera (B2E18506-4273-CFC2-A54E-F4BB758BBA07): 1
LogInit: Presizing for max 25165824 objects, including 0 objects not considered by GC, pre-allocating 0 bytes for permanent pool.
LogConfig: Applying CVar settings from Section [/Script/Engine.StreamingSettings] File [H:/UnrealEngineProject/AttackGame/Saved/Config/Windows/Engine.ini]
LogConfig: Setting CVar [[s.MinBulkDataSizeForAsyncLoading:131072]]
LogConfig: Setting CVar [[s.AsyncLoadingThreadEnabled:0]]
LogConfig: Setting CVar [[s.EventDrivenLoaderEnabled:1]]
LogConfig: Setting CVar [[s.WarnIfTimeLimitExceeded:0]]
LogConfig: Setting CVar [[s.TimeLimitExceededMultiplier:1.5]]
LogConfig: Setting CVar [[s.TimeLimitExceededMinTime:0.005]]
LogConfig: Setting CVar [[s.UseBackgroundLevelStreaming:1]]
LogConfig: Setting CVar [[s.PriorityAsyncLoadingExtraTime:15.0]]
LogConfig: Setting CVar [[s.LevelStreamingActorsUpdateTimeLimit:5.0]]
LogConfig: Setting CVar [[s.PriorityLevelStreamingActorsUpdateExtraTime:5.0]]
LogConfig: Setting CVar [[s.LevelStreamingComponentsRegistrationGranularity:10]]
LogConfig: Setting CVar [[s.UnregisterComponentsTimeLimit:1.0]]
LogConfig: Setting CVar [[s.LevelStreamingComponentsUnregistrationGranularity:5]]
LogConfig: Setting CVar [[s.FlushStreamingOnExit:1]]
LogInit: Object subsystem initialized
LogConfig: Setting CVar [[con.DebugEarlyDefault:1]]
LogConfig: Setting CVar [[r.setres:1280x720]]
[2020.07.23-01.45.52:060][  0]LogConfig: Setting CVar [[r.VSync:0]]
[2020.07.23-01.45.52:060][  0]LogConfig: Setting CVar [[r.RHICmdBypass:0]]
[2020.07.23-01.45.52:060][  0]LogConfig: Applying CVar settings from Section [/Script/Engine.RendererSettings] File [H:/UnrealEngineProject/AttackGame/Saved/Config/Windows/Engine.ini]
[2020.07.23-01.45.52:060][  0]LogConfig: Setting CVar [[r.GPUCrashDebugging:0]]
[2020.07.23-01.45.52:060][  0]LogConfig: Applying CVar settings from Section [/Script/Engine.RendererOverrideSettings] File [H:/UnrealEngineProject/AttackGame/Saved/Config/Windows/Engine.ini]
[2020.07.23-01.45.52:060][  0]LogConfig: Applying CVar settings from Section [/Script/Engine.StreamingSettings] File [H:/UnrealEngineProject/AttackGame/Saved/Config/Windows/Engine.ini]
[2020.07.23-01.45.52:060][  0]LogConfig: Setting CVar [[s.MinBulkDataSizeForAsyncLoading:131072]]
[2020.07.23-01.45.52:060][  0]LogConfig: Setting CVar [[s.AsyncLoadingThreadEnabled:0]]
[2020.07.23-01.45.52:060][  0]LogConfig: Setting CVar [[s.EventDrivenLoaderEnabled:1]]
[2020.07.23-01.45.52:060][  0]LogConfig: Setting CVar [[s.WarnIfTimeLimitExceeded:0]]
[2020.07.23-01.45.52:060][  0]LogConfig: Setting CVar [[s.TimeLimitExceededMultiplier:1.5]]
[2020.07.23-01.45.52:060][  0]LogConfig: Setting CVar [[s.TimeLimitExceededMinTime:0.005]]
[2020.07.23-01.45.52:060][  0]LogConfig: Setting CVar [[s.UseBackgroundLevelStreaming:1]]
[2020.07.23-01.45.52:060][  0]LogConfig: Setting CVar [[s.PriorityAsyncLoadingExtraTime:15.0]]
[2020.07.23-01.45.52:060][  0]LogConfig: Setting CVar [[s.LevelStreamingActorsUpdateTimeLimit:5.0]]
[2020.07.23-01.45.52:060][  0]LogConfig: Setting CVar [[s.PriorityLevelStreamingActorsUpdateExtraTime:5.0]]
[2020.07.23-01.45.52:060][  0]LogConfig: Setting CVar [[s.LevelStreamingComponentsRegistrationGranularity:10]]
[2020.07.23-01.45.52:060][  0]LogConfig: Setting CVar [[s.UnregisterComponentsTimeLimit:1.0]]
[2020.07.23-01.45.52:060][  0]LogConfig: Setting CVar [[s.LevelStreamingComponentsUnregistrationGranularity:5]]
[2020.07.23-01.45.52:060][  0]LogConfig: Setting CVar [[s.FlushStreamingOnExit:1]]
[2020.07.23-01.45.52:060][  0]LogConfig: Applying CVar settings from Section [/Script/Engine.GarbageCollectionSettings] File [H:/UnrealEngineProject/AttackGame/Saved/Config/Windows/Engine.ini]
[2020.07.23-01.45.52:060][  0]LogConfig: Setting CVar [[gc.MaxObjectsNotConsideredByGC:1]]
[2020.07.23-01.45.52:060][  0]LogConfig: Setting CVar [[gc.SizeOfPermanentObjectPool:0]]
[2020.07.23-01.45.52:060][  0]LogConfig: Setting CVar [[gc.FlushStreamingOnGC:0]]
[2020.07.23-01.45.52:060][  0]LogConfig: Setting CVar [[gc.NumRetriesBeforeForcingGC:10]]
[2020.07.23-01.45.52:060][  0]LogConfig: Setting CVar [[gc.AllowParallelGC:1]]
[2020.07.23-01.45.52:060][  0]LogConfig: Setting CVar [[gc.TimeBetweenPurgingPendingKillObjects:61.1]]
[2020.07.23-01.45.52:060][  0]LogConfig: Setting CVar [[gc.MaxObjectsInEditor:25165824]]
[2020.07.23-01.45.52:060][  0]LogConfig: Setting CVar [[gc.IncrementalBeginDestroyEnabled:1]]
[2020.07.23-01.45.52:060][  0]LogConfig: Setting CVar [[gc.CreateGCClusters:1]]
[2020.07.23-01.45.52:060][  0]LogConfig: Setting CVar [[gc.MinGCClusterSize:5]]
[2020.07.23-01.45.52:060][  0]LogConfig: Setting CVar [[gc.ActorClusteringEnabled:0]]
[2020.07.23-01.45.52:061][  0]LogConfig: Setting CVar [[gc.BlueprintClusteringEnabled:0]]
[2020.07.23-01.45.52:061][  0]LogConfig: Setting CVar [[gc.UseDisregardForGCOnDedicatedServers:0]]
[2020.07.23-01.45.52:061][  0]LogConfig: Applying CVar settings from Section [/Script/Engine.NetworkSettings] File [H:/UnrealEngineProject/AttackGame/Saved/Config/Windows/Engine.ini]
[2020.07.23-01.45.52:061][  0]LogConfig: Applying CVar settings from Section [/Script/UnrealEd.CookerSettings] File [H:/UnrealEngineProject/AttackGame/Saved/Config/Windows/Engine.ini]
[2020.07.23-01.45.52:065][  0]LogConfig: Applying CVar settings from Section [ViewDistanceQuality@3] File [H:/UnrealEngineProject/AttackGame/Saved/Config/Windows/Scalability.ini]
[2020.07.23-01.45.52:065][  0]LogConfig: Setting CVar [[r.SkeletalMeshLODBias:0]]
[2020.07.23-01.45.52:065][  0]LogConfig: Setting CVar [[r.ViewDistanceScale:1.0]]
[2020.07.23-01.45.52:065][  0]LogConfig: Applying CVar settings from Section [AntiAliasingQuality@3] File [H:/UnrealEngineProject/AttackGame/Saved/Config/Windows/Scalability.ini]
[2020.07.23-01.45.52:065][  0]LogConfig: Setting CVar [[r.PostProcessAAQuality:4]]
[2020.07.23-01.45.52:065][  0]LogConfig: Applying CVar settings from Section [ShadowQuality@3] File [H:/UnrealEngineProject/AttackGame/Saved/Config/Windows/Scalability.ini]
[2020.07.23-01.45.52:065][  0]LogConfig: Setting CVar [[r.LightFunctionQuality:1]]
[2020.07.23-01.45.52:065][  0]LogConfig: Setting CVar [[r.ShadowQuality:5]]
[2020.07.23-01.45.52:065][  0]LogConfig: Setting CVar [[r.Shadow.CSM.MaxCascades:10]]
[2020.07.23-01.45.52:065][  0]LogConfig: Setting CVar [[r.Shadow.MaxResolution:2048]]
[2020.07.23-01.45.52:065][  0]LogConfig: Setting CVar [[r.Shadow.MaxCSMResolution:2048]]
[2020.07.23-01.45.52:065][  0]LogConfig: Setting CVar [[r.Shadow.RadiusThreshold:0.01]]
[2020.07.23-01.45.52:065][  0]LogConfig: Setting CVar [[r.Shadow.DistanceScale:1.0]]
[2020.07.23-01.45.52:065][  0]LogConfig: Setting CVar [[r.Shadow.CSM.TransitionScale:1.0]]
[2020.07.23-01.45.52:065][  0]LogConfig: Setting CVar [[r.Shadow.PreShadowResolutionFactor:1.0]]
[2020.07.23-01.45.52:065][  0]LogConfig: Setting CVar [[r.DistanceFieldShadowing:1]]
[2020.07.23-01.45.52:065][  0]LogConfig: Setting CVar [[r.DistanceFieldAO:1]]
[2020.07.23-01.45.52:065][  0]LogConfig: Setting CVar [[r.AOQuality:2]]
[2020.07.23-01.45.52:065][  0]LogConfig: Setting CVar [[r.VolumetricFog:1]]
[2020.07.23-01.45.52:065][  0]LogConfig: Setting CVar [[r.VolumetricFog.GridPixelSize:8]]
[2020.07.23-01.45.52:065][  0]LogConfig: Setting CVar [[r.VolumetricFog.GridSizeZ:128]]
[2020.07.23-01.45.52:065][  0]LogConfig: Setting CVar [[r.VolumetricFog.HistoryMissSupersampleCount:4]]
[2020.07.23-01.45.52:065][  0]LogConfig: Setting CVar [[r.LightMaxDrawDistanceScale:1]]
[2020.07.23-01.45.52:065][  0]LogConfig: Setting CVar [[r.CapsuleShadows:1]]
[2020.07.23-01.45.52:065][  0]LogConfig: Applying CVar settings from Section [PostProcessQuality@3] File [H:/UnrealEngineProject/AttackGame/Saved/Config/Windows/Scalability.ini]
[2020.07.23-01.45.52:065][  0]LogConfig: Setting CVar [[r.MotionBlurQuality:4]]
[2020.07.23-01.45.52:065][  0]LogConfig: Setting CVar [[r.AmbientOcclusionMipLevelFactor:0.4]]
[2020.07.23-01.45.52:065][  0]LogConfig: Setting CVar [[r.AmbientOcclusionMaxQuality:100]]
[2020.07.23-01.45.52:065][  0]LogConfig: Setting CVar [[r.AmbientOcclusionLevels:-1]]
[2020.07.23-01.45.52:065][  0]LogConfig: Setting CVar [[r.AmbientOcclusionRadiusScale:1.0]]
[2020.07.23-01.45.52:065][  0]LogConfig: Setting CVar [[r.DepthOfFieldQuality:2]]
[2020.07.23-01.45.52:065][  0]LogConfig: Setting CVar [[r.RenderTargetPoolMin:400]]
[2020.07.23-01.45.52:065][  0]LogConfig: Setting CVar [[r.LensFlareQuality:2]]
[2020.07.23-01.45.52:065][  0]LogConfig: Setting CVar [[r.SceneColorFringeQuality:1]]
[2020.07.23-01.45.52:065][  0]LogConfig: Setting CVar [[r.EyeAdaptationQuality:2]]
[2020.07.23-01.45.52:065][  0]LogConfig: Setting CVar [[r.BloomQuality:5]]
[2020.07.23-01.45.52:065][  0]LogConfig: Setting CVar [[r.FastBlurThreshold:100]]
[2020.07.23-01.45.52:065][  0]LogConfig: Setting CVar [[r.Upscale.Quality:3]]
[2020.07.23-01.45.52:065][  0]LogConfig: Setting CVar [[r.Tonemapper.GrainQuantization:1]]
[2020.07.23-01.45.52:065][  0]LogConfig: Setting CVar [[r.LightShaftQuality:1]]
[2020.07.23-01.45.52:065][  0]LogConfig: Setting CVar [[r.Filter.SizeScale:1]]
[2020.07.23-01.45.52:065][  0]LogConfig: Setting CVar [[r.Tonemapper.Quality:5]]
[2020.07.23-01.45.52:065][  0]LogConfig: Setting CVar [[r.DOF.Gather.AccumulatorQuality:1        ; higher gathering accumulator quality]]
[2020.07.23-01.45.52:065][  0]LogConfig: Setting CVar [[r.DOF.Gather.PostfilterMethod:1          ; Median3x3 postfilering method]]
[2020.07.23-01.45.52:065][  0]LogConfig: Setting CVar [[r.DOF.Gather.EnableBokehSettings:0       ; no bokeh simulation when gathering]]
[2020.07.23-01.45.52:065][  0]LogConfig: Setting CVar [[r.DOF.Gather.RingCount:4                 ; medium number of samples when gathering]]
[2020.07.23-01.45.52:065][  0]LogConfig: Setting CVar [[r.DOF.Scatter.ForegroundCompositing:1    ; additive foreground scattering]]
[2020.07.23-01.45.52:065][  0]LogConfig: Setting CVar [[r.DOF.Scatter.BackgroundCompositing:2    ; additive background scattering]]
[2020.07.23-01.45.52:065][  0]LogConfig: Setting CVar [[r.DOF.Scatter.EnableBokehSettings:1      ; bokeh simulation when scattering]]
[2020.07.23-01.45.52:065][  0]LogConfig: Setting CVar [[r.DOF.Scatter.MaxSpriteRatio:0.1         ; only a maximum of 10% of scattered bokeh]]
[2020.07.23-01.45.52:065][  0]LogConfig: Setting CVar [[r.DOF.Recombine.Quality:1                ; cheap slight out of focus]]
[2020.07.23-01.45.52:065][  0]LogConfig: Setting CVar [[r.DOF.Recombine.EnableBokehSettings:0    ; no bokeh simulation on slight out of focus]]
[2020.07.23-01.45.52:065][  0]LogConfig: Setting CVar [[r.DOF.TemporalAAQuality:1                ; more stable temporal accumulation]]
[2020.07.23-01.45.52:065][  0]LogConfig: Setting CVar [[r.DOF.Kernel.MaxForegroundRadius:0.025]]
[2020.07.23-01.45.52:065][  0]LogConfig: Setting CVar [[r.DOF.Kernel.MaxBackgroundRadius:0.025]]
[2020.07.23-01.45.52:065][  0]LogConfig: Applying CVar settings from Section [TextureQuality@3] File [H:/UnrealEngineProject/AttackGame/Saved/Config/Windows/Scalability.ini]
[2020.07.23-01.45.52:065][  0]LogConfig: Setting CVar [[r.Streaming.MipBias:0]]
[2020.07.23-01.45.52:065][  0]LogConfig: Setting CVar [[r.Streaming.AmortizeCPUToGPUCopy:0]]
[2020.07.23-01.45.52:065][  0]LogConfig: Setting CVar [[r.Streaming.MaxNumTexturesToStreamPerFrame:0]]
[2020.07.23-01.45.52:065][  0]LogConfig: Setting CVar [[r.Streaming.Boost:1]]
[2020.07.23-01.45.52:065][  0]LogConfig: Setting CVar [[r.MaxAnisotropy:8]]
[2020.07.23-01.45.52:065][  0]LogConfig: Setting CVar [[r.VT.MaxAnisotropy:8]]
[2020.07.23-01.45.52:065][  0]LogConfig: Setting CVar [[r.Streaming.LimitPoolSizeToVRAM:0]]
[2020.07.23-01.45.52:065][  0]LogConfig: Setting CVar [[r.Streaming.PoolSize:1000]]
[2020.07.23-01.45.52:065][  0]LogConfig: Setting CVar [[r.Streaming.MaxEffectiveScreenSize:0]]
[2020.07.23-01.45.52:065][  0]LogConfig: Applying CVar settings from Section [EffectsQuality@3] File [H:/UnrealEngineProject/AttackGame/Saved/Config/Windows/Scalability.ini]
[2020.07.23-01.45.52:065][  0]LogConfig: Setting CVar [[r.TranslucencyLightingVolumeDim:64]]
[2020.07.23-01.45.52:065][  0]LogConfig: Setting CVar [[r.RefractionQuality:2]]
[2020.07.23-01.45.52:065][  0]LogConfig: Setting CVar [[r.SSR.Quality:3]]
[2020.07.23-01.45.52:065][  0]LogConfig: Setting CVar [[r.SSR.HalfResSceneColor:0]]
[2020.07.23-01.45.52:065][  0]LogConfig: Setting CVar [[r.SceneColorFormat:4]]
[2020.07.23-01.45.52:065][  0]LogConfig: Setting CVar [[r.DetailMode:2]]
[2020.07.23-01.45.52:066][  0]LogConfig: Setting CVar [[r.TranslucencyVolumeBlur:1]]
[2020.07.23-01.45.52:066][  0]LogConfig: Setting CVar [[r.MaterialQualityLevel:1 ; High quality]]
[2020.07.23-01.45.52:066][  0]LogConfig: Setting CVar [[r.SSS.Scale:1]]
[2020.07.23-01.45.52:066][  0]LogConfig: Setting CVar [[r.SSS.SampleSet:2]]
[2020.07.23-01.45.52:066][  0]LogConfig: Setting CVar [[r.SSS.Quality:1]]
[2020.07.23-01.45.52:066][  0]LogConfig: Setting CVar [[r.SSS.HalfRes:0]]
[2020.07.23-01.45.52:066][  0]LogConfig: Setting CVar [[r.SSGI.Quality:3]]
[2020.07.23-01.45.52:066][  0]LogConfig: Setting CVar [[r.EmitterSpawnRateScale:1.0]]
[2020.07.23-01.45.52:066][  0]LogConfig: Setting CVar [[r.ParticleLightQuality:2]]
[2020.07.23-01.45.52:066][  0]LogConfig: Setting CVar [[r.SkyAtmosphere.AerialPerspectiveLUT.FastApplyOnOpaque:1 ; Always have FastSkyLUT 1 in this case to avoid wrong sky]]
[2020.07.23-01.45.52:066][  0]LogConfig: Setting CVar [[r.SkyAtmosphere.AerialPerspectiveLUT.SampleCountPerSlice:1]]
[2020.07.23-01.45.52:066][  0]LogConfig: Setting CVar [[r.SkyAtmosphere.AerialPerspectiveLUT.DepthResolution:16.0]]
[2020.07.23-01.45.52:066][  0]LogConfig: Setting CVar [[r.SkyAtmosphere.FastSkyLUT:1]]
[2020.07.23-01.45.52:066][  0]LogConfig: Setting CVar [[r.SkyAtmosphere.FastSkyLUT.SampleCountMin:4.0]]
[2020.07.23-01.45.52:066][  0]LogConfig: Setting CVar [[r.SkyAtmosphere.FastSkyLUT.SampleCountMax:32.0]]
[2020.07.23-01.45.52:066][  0]LogConfig: Setting CVar [[r.SkyAtmosphere.SampleCountMin:4.0]]
[2020.07.23-01.45.52:066][  0]LogConfig: Setting CVar [[r.SkyAtmosphere.SampleCountMax:32.0]]
[2020.07.23-01.45.52:066][  0]LogConfig: Setting CVar [[r.SkyAtmosphere.TransmittanceLUT.UseSmallFormat:0]]
[2020.07.23-01.45.52:066][  0]LogConfig: Setting CVar [[r.SkyAtmosphere.TransmittanceLUT.SampleCount:10.0]]
[2020.07.23-01.45.52:066][  0]LogConfig: Setting CVar [[r.SkyAtmosphere.MultiScatteringLUT.SampleCount:15.0]]
[2020.07.23-01.45.52:066][  0]LogConfig: Applying CVar settings from Section [FoliageQuality@3] File [H:/UnrealEngineProject/AttackGame/Saved/Config/Windows/Scalability.ini]
[2020.07.23-01.45.52:066][  0]LogConfig: Setting CVar [[foliage.DensityScale:1.0]]
[2020.07.23-01.45.52:066][  0]LogConfig: Setting CVar [[grass.DensityScale:1.0]]
[2020.07.23-01.45.52:066][  0]LogConfig: Applying CVar settings from Section [ShadingQuality@3] File [H:/UnrealEngineProject/AttackGame/Saved/Config/Windows/Scalability.ini]
[2020.07.23-01.45.52:066][  0]LogConfig: Setting CVar [[r.HairStrands.SkyLighting.SampleCount:16]]
[2020.07.23-01.45.52:066][  0]LogConfig: Setting CVar [[r.HairStrands.SkyLighting.JitterIntegration:0]]
[2020.07.23-01.45.52:066][  0]LogConfig: Setting CVar [[r.HairStrands.SkyAO.SampleCount:16]]
[2020.07.23-01.45.52:066][  0]LogConfig: Setting CVar [[r.HairStrands.DeepShadow.SuperSampling:0]]
[2020.07.23-01.45.52:066][  0]LogConfig: Setting CVar [[r.HairStrands.VisibilityPPLL:0]]
[2020.07.23-01.45.52:066][  0]LogConfig: Setting CVar [[r.HairStrands.RasterizationScale:0.5]]
[2020.07.23-01.45.52:066][  0]LogConfig: Setting CVar [[r.HairStrands.VelocityRasterizationScale:1]]
[2020.07.23-01.45.52:066][  0]LogInit: Selected Device Profile: [Windows]
[2020.07.23-01.45.52:066][  0]LogInit: Applying CVar settings loaded from the selected device profile: [Windows]
[2020.07.23-01.45.52:066][  0]LogHAL: Display: Platform has ~ 16 GB [17133826048 / 17179869184 / 16], which maps to Larger [LargestMinGB=32, LargerMinGB=12, DefaultMinGB=8, SmallerMinGB=6, SmallestMinGB=0)
[2020.07.23-01.45.52:066][  0]LogInit: Going up to parent DeviceProfile []
[2020.07.23-01.45.52:066][  0]LogConfig: Applying CVar settings from Section [ViewDistanceQuality@3] File [H:/UnrealEngineProject/AttackGame/Saved/Config/Windows/Scalability.ini]
[2020.07.23-01.45.52:066][  0]LogConfig: Setting CVar [[r.SkeletalMeshLODBias:0]]
[2020.07.23-01.45.52:066][  0]LogConfig: Setting CVar [[r.ViewDistanceScale:1.0]]
[2020.07.23-01.45.52:066][  0]LogConfig: Applying CVar settings from Section [AntiAliasingQuality@3] File [H:/UnrealEngineProject/AttackGame/Saved/Config/Windows/Scalability.ini]
[2020.07.23-01.45.52:066][  0]LogConfig: Setting CVar [[r.PostProcessAAQuality:4]]
[2020.07.23-01.45.52:066][  0]LogConfig: Applying CVar settings from Section [ShadowQuality@3] File [H:/UnrealEngineProject/AttackGame/Saved/Config/Windows/Scalability.ini]
[2020.07.23-01.45.52:066][  0]LogConfig: Setting CVar [[r.LightFunctionQuality:1]]
[2020.07.23-01.45.52:066][  0]LogConfig: Setting CVar [[r.ShadowQuality:5]]
[2020.07.23-01.45.52:066][  0]LogConfig: Setting CVar [[r.Shadow.CSM.MaxCascades:10]]
[2020.07.23-01.45.52:066][  0]LogConfig: Setting CVar [[r.Shadow.MaxResolution:2048]]
[2020.07.23-01.45.52:066][  0]LogConfig: Setting CVar [[r.Shadow.MaxCSMResolution:2048]]
[2020.07.23-01.45.52:066][  0]LogConfig: Setting CVar [[r.Shadow.RadiusThreshold:0.01]]
[2020.07.23-01.45.52:066][  0]LogConfig: Setting CVar [[r.Shadow.DistanceScale:1.0]]
[2020.07.23-01.45.52:066][  0]LogConfig: Setting CVar [[r.Shadow.CSM.TransitionScale:1.0]]
[2020.07.23-01.45.52:066][  0]LogConfig: Setting CVar [[r.Shadow.PreShadowResolutionFactor:1.0]]
[2020.07.23-01.45.52:066][  0]LogConfig: Setting CVar [[r.DistanceFieldShadowing:1]]
[2020.07.23-01.45.52:066][  0]LogConfig: Setting CVar [[r.DistanceFieldAO:1]]
[2020.07.23-01.45.52:066][  0]LogConfig: Setting CVar [[r.AOQuality:2]]
[2020.07.23-01.45.52:066][  0]LogConfig: Setting CVar [[r.VolumetricFog:1]]
[2020.07.23-01.45.52:066][  0]LogConfig: Setting CVar [[r.VolumetricFog.GridPixelSize:8]]
[2020.07.23-01.45.52:066][  0]LogConfig: Setting CVar [[r.VolumetricFog.GridSizeZ:128]]
[2020.07.23-01.45.52:066][  0]LogConfig: Setting CVar [[r.VolumetricFog.HistoryMissSupersampleCount:4]]
[2020.07.23-01.45.52:066][  0]LogConfig: Setting CVar [[r.LightMaxDrawDistanceScale:1]]
[2020.07.23-01.45.52:066][  0]LogConfig: Setting CVar [[r.CapsuleShadows:1]]
[2020.07.23-01.45.52:066][  0]LogConfig: Applying CVar settings from Section [PostProcessQuality@3] File [H:/UnrealEngineProject/AttackGame/Saved/Config/Windows/Scalability.ini]
[2020.07.23-01.45.52:066][  0]LogConfig: Setting CVar [[r.MotionBlurQuality:4]]
[2020.07.23-01.45.52:066][  0]LogConfig: Setting CVar [[r.AmbientOcclusionMipLevelFactor:0.4]]
[2020.07.23-01.45.52:066][  0]LogConfig: Setting CVar [[r.AmbientOcclusionMaxQuality:100]]
[2020.07.23-01.45.52:066][  0]LogConfig: Setting CVar [[r.AmbientOcclusionLevels:-1]]
[2020.07.23-01.45.52:066][  0]LogConfig: Setting CVar [[r.AmbientOcclusionRadiusScale:1.0]]
[2020.07.23-01.45.52:066][  0]LogConfig: Setting CVar [[r.DepthOfFieldQuality:2]]
[2020.07.23-01.45.52:066][  0]LogConfig: Setting CVar [[r.RenderTargetPoolMin:400]]
[2020.07.23-01.45.52:066][  0]LogConfig: Setting CVar [[r.LensFlareQuality:2]]
[2020.07.23-01.45.52:066][  0]LogConfig: Setting CVar [[r.SceneColorFringeQuality:1]]
[2020.07.23-01.45.52:066][  0]LogConfig: Setting CVar [[r.EyeAdaptationQuality:2]]
[2020.07.23-01.45.52:066][  0]LogConfig: Setting CVar [[r.BloomQuality:5]]
[2020.07.23-01.45.52:066][  0]LogConfig: Setting CVar [[r.FastBlurThreshold:100]]
[2020.07.23-01.45.52:066][  0]LogConfig: Setting CVar [[r.Upscale.Quality:3]]
[2020.07.23-01.45.52:066][  0]LogConfig: Setting CVar [[r.Tonemapper.GrainQuantization:1]]
[2020.07.23-01.45.52:067][  0]LogConfig: Setting CVar [[r.LightShaftQuality:1]]
[2020.07.23-01.45.52:067][  0]LogConfig: Setting CVar [[r.Filter.SizeScale:1]]
[2020.07.23-01.45.52:067][  0]LogConfig: Setting CVar [[r.Tonemapper.Quality:5]]
[2020.07.23-01.45.52:067][  0]LogConfig: Setting CVar [[r.DOF.Gather.AccumulatorQuality:1        ; higher gathering accumulator quality]]
[2020.07.23-01.45.52:067][  0]LogConfig: Setting CVar [[r.DOF.Gather.PostfilterMethod:1          ; Median3x3 postfilering method]]
[2020.07.23-01.45.52:067][  0]LogConfig: Setting CVar [[r.DOF.Gather.EnableBokehSettings:0       ; no bokeh simulation when gathering]]
[2020.07.23-01.45.52:067][  0]LogConfig: Setting CVar [[r.DOF.Gather.RingCount:4                 ; medium number of samples when gathering]]
[2020.07.23-01.45.52:067][  0]LogConfig: Setting CVar [[r.DOF.Scatter.ForegroundCompositing:1    ; additive foreground scattering]]
[2020.07.23-01.45.52:067][  0]LogConfig: Setting CVar [[r.DOF.Scatter.BackgroundCompositing:2    ; additive background scattering]]
[2020.07.23-01.45.52:067][  0]LogConfig: Setting CVar [[r.DOF.Scatter.EnableBokehSettings:1      ; bokeh simulation when scattering]]
[2020.07.23-01.45.52:067][  0]LogConfig: Setting CVar [[r.DOF.Scatter.MaxSpriteRatio:0.1         ; only a maximum of 10% of scattered bokeh]]
[2020.07.23-01.45.52:067][  0]LogConfig: Setting CVar [[r.DOF.Recombine.Quality:1                ; cheap slight out of focus]]
[2020.07.23-01.45.52:067][  0]LogConfig: Setting CVar [[r.DOF.Recombine.EnableBokehSettings:0    ; no bokeh simulation on slight out of focus]]
[2020.07.23-01.45.52:067][  0]LogConfig: Setting CVar [[r.DOF.TemporalAAQuality:1                ; more stable temporal accumulation]]
[2020.07.23-01.45.52:067][  0]LogConfig: Setting CVar [[r.DOF.Kernel.MaxForegroundRadius:0.025]]
[2020.07.23-01.45.52:067][  0]LogConfig: Setting CVar [[r.DOF.Kernel.MaxBackgroundRadius:0.025]]
[2020.07.23-01.45.52:067][  0]LogConfig: Applying CVar settings from Section [TextureQuality@3] File [H:/UnrealEngineProject/AttackGame/Saved/Config/Windows/Scalability.ini]
[2020.07.23-01.45.52:067][  0]LogConfig: Setting CVar [[r.Streaming.MipBias:0]]
[2020.07.23-01.45.52:067][  0]LogConfig: Setting CVar [[r.Streaming.AmortizeCPUToGPUCopy:0]]
[2020.07.23-01.45.52:067][  0]LogConfig: Setting CVar [[r.Streaming.MaxNumTexturesToStreamPerFrame:0]]
[2020.07.23-01.45.52:067][  0]LogConfig: Setting CVar [[r.Streaming.Boost:1]]
[2020.07.23-01.45.52:067][  0]LogConfig: Setting CVar [[r.MaxAnisotropy:8]]
[2020.07.23-01.45.52:067][  0]LogConfig: Setting CVar [[r.VT.MaxAnisotropy:8]]
[2020.07.23-01.45.52:067][  0]LogConfig: Setting CVar [[r.Streaming.LimitPoolSizeToVRAM:0]]
[2020.07.23-01.45.52:067][  0]LogConfig: Setting CVar [[r.Streaming.PoolSize:1000]]
[2020.07.23-01.45.52:067][  0]LogConfig: Setting CVar [[r.Streaming.MaxEffectiveScreenSize:0]]
[2020.07.23-01.45.52:067][  0]LogConfig: Applying CVar settings from Section [EffectsQuality@3] File [H:/UnrealEngineProject/AttackGame/Saved/Config/Windows/Scalability.ini]
[2020.07.23-01.45.52:067][  0]LogConfig: Setting CVar [[r.TranslucencyLightingVolumeDim:64]]
[2020.07.23-01.45.52:067][  0]LogConfig: Setting CVar [[r.RefractionQuality:2]]
[2020.07.23-01.45.52:067][  0]LogConfig: Setting CVar [[r.SSR.Quality:3]]
[2020.07.23-01.45.52:067][  0]LogConfig: Setting CVar [[r.SSR.HalfResSceneColor:0]]
[2020.07.23-01.45.52:067][  0]LogConfig: Setting CVar [[r.SceneColorFormat:4]]
[2020.07.23-01.45.52:067][  0]LogConfig: Setting CVar [[r.DetailMode:2]]
[2020.07.23-01.45.52:067][  0]LogConfig: Setting CVar [[r.TranslucencyVolumeBlur:1]]
[2020.07.23-01.45.52:067][  0]LogConfig: Setting CVar [[r.MaterialQualityLevel:1 ; High quality]]
[2020.07.23-01.45.52:067][  0]LogConfig: Setting CVar [[r.SSS.Scale:1]]
[2020.07.23-01.45.52:067][  0]LogConfig: Setting CVar [[r.SSS.SampleSet:2]]
[2020.07.23-01.45.52:067][  0]LogConfig: Setting CVar [[r.SSS.Quality:1]]
[2020.07.23-01.45.52:067][  0]LogConfig: Setting CVar [[r.SSS.HalfRes:0]]
[2020.07.23-01.45.52:067][  0]LogConfig: Setting CVar [[r.SSGI.Quality:3]]
[2020.07.23-01.45.52:067][  0]LogConfig: Setting CVar [[r.EmitterSpawnRateScale:1.0]]
[2020.07.23-01.45.52:067][  0]LogConfig: Setting CVar [[r.ParticleLightQuality:2]]
[2020.07.23-01.45.52:067][  0]LogConfig: Setting CVar [[r.SkyAtmosphere.AerialPerspectiveLUT.FastApplyOnOpaque:1 ; Always have FastSkyLUT 1 in this case to avoid wrong sky]]
[2020.07.23-01.45.52:067][  0]LogConfig: Setting CVar [[r.SkyAtmosphere.AerialPerspectiveLUT.SampleCountPerSlice:1]]
[2020.07.23-01.45.52:067][  0]LogConfig: Setting CVar [[r.SkyAtmosphere.AerialPerspectiveLUT.DepthResolution:16.0]]
[2020.07.23-01.45.52:067][  0]LogConfig: Setting CVar [[r.SkyAtmosphere.FastSkyLUT:1]]
[2020.07.23-01.45.52:067][  0]LogConfig: Setting CVar [[r.SkyAtmosphere.FastSkyLUT.SampleCountMin:4.0]]
[2020.07.23-01.45.52:067][  0]LogConfig: Setting CVar [[r.SkyAtmosphere.FastSkyLUT.SampleCountMax:32.0]]
[2020.07.23-01.45.52:067][  0]LogConfig: Setting CVar [[r.SkyAtmosphere.SampleCountMin:4.0]]
[2020.07.23-01.45.52:067][  0]LogConfig: Setting CVar [[r.SkyAtmosphere.SampleCountMax:32.0]]
[2020.07.23-01.45.52:067][  0]LogConfig: Setting CVar [[r.SkyAtmosphere.TransmittanceLUT.UseSmallFormat:0]]
[2020.07.23-01.45.52:067][  0]LogConfig: Setting CVar [[r.SkyAtmosphere.TransmittanceLUT.SampleCount:10.0]]
[2020.07.23-01.45.52:067][  0]LogConfig: Setting CVar [[r.SkyAtmosphere.MultiScatteringLUT.SampleCount:15.0]]
[2020.07.23-01.45.52:067][  0]LogConfig: Applying CVar settings from Section [FoliageQuality@3] File [H:/UnrealEngineProject/AttackGame/Saved/Config/Windows/Scalability.ini]
[2020.07.23-01.45.52:067][  0]LogConfig: Setting CVar [[foliage.DensityScale:1.0]]
[2020.07.23-01.45.52:067][  0]LogConfig: Setting CVar [[grass.DensityScale:1.0]]
[2020.07.23-01.45.52:067][  0]LogConfig: Applying CVar settings from Section [ShadingQuality@3] File [H:/UnrealEngineProject/AttackGame/Saved/Config/Windows/Scalability.ini]
[2020.07.23-01.45.52:067][  0]LogConfig: Setting CVar [[r.HairStrands.SkyLighting.SampleCount:16]]
[2020.07.23-01.45.52:067][  0]LogConfig: Setting CVar [[r.HairStrands.SkyLighting.JitterIntegration:0]]
[2020.07.23-01.45.52:067][  0]LogConfig: Setting CVar [[r.HairStrands.SkyAO.SampleCount:16]]
[2020.07.23-01.45.52:067][  0]LogConfig: Setting CVar [[r.HairStrands.DeepShadow.SuperSampling:0]]
[2020.07.23-01.45.52:067][  0]LogConfig: Setting CVar [[r.HairStrands.VisibilityPPLL:0]]
[2020.07.23-01.45.52:067][  0]LogConfig: Setting CVar [[r.HairStrands.RasterizationScale:0.5]]
[2020.07.23-01.45.52:067][  0]LogConfig: Setting CVar [[r.HairStrands.VelocityRasterizationScale:1]]
[2020.07.23-01.45.52:067][  0]LogConfig: Applying CVar settings from Section [Startup] File [../../../Engine/Config/ConsoleVariables.ini]
[2020.07.23-01.45.52:067][  0]LogConfig: Setting CVar [[net.UseAdaptiveNetUpdateFrequency:0]]
[2020.07.23-01.45.52:067][  0]LogConfig: Setting CVar [[p.chaos.AllowCreatePhysxBodies:1]]
[2020.07.23-01.45.52:067][  0]LogConfig: Setting CVar [[fx.SkipVectorVMBackendOptimizations:1]]
[2020.07.23-01.45.52:067][  0]LogConfig: Applying CVar settings from Section [ConsoleVariables] File [H:/UnrealEngineProject/AttackGame/Saved/Config/Windows/Engine.ini]
[2020.07.23-01.45.52:067][  0]LogInit: Computer: PC-20180827UDYR
[2020.07.23-01.45.52:068][  0]LogInit: User: Administrator
[2020.07.23-01.45.52:068][  0]LogInit: CPU Page size=4096, Cores=4
[2020.07.23-01.45.52:068][  0]LogInit: High frequency timer resolution =10.000000 MHz
[2020.07.23-01.45.52:068][  0]LogMemory: Memory total: Physical=16.0GB (16GB approx)
[2020.07.23-01.45.52:068][  0]LogMemory: Platform Memory Stats for Windows
[2020.07.23-01.45.52:068][  0]LogMemory: Process Physical Memory: 113.70 MB used, 113.71 MB peak
[2020.07.23-01.45.52:068][  0]LogMemory: Process Virtual Memory: 96.59 MB used, 96.59 MB peak
[2020.07.23-01.45.52:068][  0]LogMemory: Physical Memory: 5811.67 MB used,  10528.42 MB free, 16340.09 MB total
[2020.07.23-01.45.52:068][  0]LogMemory: Virtual Memory: 5144.31 MB used,  134212584.00 MB free, 134217728.00 MB total
[2020.07.23-01.45.52:077][  0]LogWindows: WindowsPlatformFeatures enabled
[2020.07.23-01.45.52:131][  0]LogInit: Physics initialised using underlying interface: PhysX
[2020.07.23-01.45.52:132][  0]LogInit: Overriding language with editor language configuration option (en).
[2020.07.23-01.45.52:132][  0]LogInit: Overriding locale with editor culture configuration option ().
[2020.07.23-01.45.52:132][  0]LogInit: Using OS detected locale (zh-CN).
[2020.07.23-01.45.52:291][  0]LogInit: Setting process to per monitor DPI aware
[2020.07.23-01.45.52:376][  0]LogSlate: New Slate User Created.  User Index 0, Is Virtual User: 0
[2020.07.23-01.45.52:376][  0]LogSlate: Slate User Registered.  User Index 0, Is Virtual User: 0
[2020.07.23-01.45.52:480][  0]LogHMD: Failed to initialize OpenVR with code 110
[2020.07.23-01.45.52:480][  0]LogD3D11RHI: D3D11 min allowed feature level: 11_0
[2020.07.23-01.45.52:480][  0]LogD3D11RHI: D3D11 max allowed feature level: 11_0
[2020.07.23-01.45.52:480][  0]LogD3D11RHI: D3D11 adapters:
[2020.07.23-01.45.52:565][  0]LogD3D11RHI:    0. 'NVIDIA GeForce GTX 1050' (Feature Level 11_0)
[2020.07.23-01.45.52:565][  0]LogD3D11RHI:       1977/0/8170 MB DedicatedVideo/DedicatedSystem/SharedSystem, Outputs:2, VendorId:0x10de
[2020.07.23-01.45.52:568][  0]LogD3D11RHI:    1. 'Microsoft Basic Render Driver' (Feature Level 11_0)
[2020.07.23-01.45.52:568][  0]LogD3D11RHI:       0/0/8170 MB DedicatedVideo/DedicatedSystem/SharedSystem, Outputs:0, VendorId:0x1414
[2020.07.23-01.45.52:568][  0]LogD3D11RHI: Chosen D3D11 Adapter: 0
[2020.07.23-01.45.52:575][  0]LogD3D11RHI: Creating new Direct3DDevice
[2020.07.23-01.45.52:575][  0]LogD3D11RHI:     GPU DeviceId: 0x1c81 (for the marketing name, search the web for "GPU Device Id")
[2020.07.23-01.45.52:575][  0]LogWindows: EnumDisplayDevices:
[2020.07.23-01.45.52:575][  0]LogWindows:    0. 'NVIDIA GeForce GTX 1050' (P:0 D:1)
[2020.07.23-01.45.52:576][  0]LogWindows:    1. 'NVIDIA GeForce GTX 1050' (P:1 D:1)
[2020.07.23-01.45.52:577][  0]LogWindows:    2. 'NVIDIA GeForce GTX 1050' (P:0 D:0)
[2020.07.23-01.45.52:578][  0]LogWindows:    3. 'NVIDIA GeForce GTX 1050' (P:0 D:0)
[2020.07.23-01.45.52:578][  0]LogWindows: DebugString: FoundDriverCount:4 
[2020.07.23-01.45.52:578][  0]LogD3D11RHI:     Adapter Name: NVIDIA GeForce GTX 1050
[2020.07.23-01.45.52:578][  0]LogD3D11RHI:   Driver Version: 432.00 (internal:26.21.14.3200, unified:432.00)
[2020.07.23-01.45.52:578][  0]LogD3D11RHI:      Driver Date: 7-24-2019
[2020.07.23-01.45.52:579][  0]LogRHI: Texture pool is 1384 MB (70% of 1977 MB)
[2020.07.23-01.45.52:627][  0]LogD3D11RHI: RHI has support for 64 bit atomics
[2020.07.23-01.45.52:628][  0]LogD3D11RHI: [Aftermath] Enabled and primed
[2020.07.23-01.45.52:628][  0]LogD3D11RHI: Async texture creation enabled
[2020.07.23-01.45.52:628][  0]LogD3D11RHI: Array index from any shader is supported
[2020.07.23-01.45.52:644][  0]LogD3D11RHI: GPU Timing Frequency: 1000.000000 (Debug: 2 1)
[2020.07.23-01.45.53:420][  0]LogTargetPlatformManager: Display: Loaded TargetPlatform 'AllDesktop'
[2020.07.23-01.45.53:441][  0]LogTargetPlatformManager: Display: Loaded TargetPlatform 'Android'
[2020.07.23-01.45.53:441][  0]LogTargetPlatformManager: Display: Loaded TargetPlatform 'Android_ASTC'
[2020.07.23-01.45.53:441][  0]LogTargetPlatformManager: Display: Loaded TargetPlatform 'Android_DXT'
[2020.07.23-01.45.53:441][  0]LogTargetPlatformManager: Display: Loaded TargetPlatform 'Android_ETC2'
[2020.07.23-01.45.53:441][  0]LogTargetPlatformManager: Display: Loaded TargetPlatform 'AndroidClient'
[2020.07.23-01.45.53:441][  0]LogTargetPlatformManager: Display: Loaded TargetPlatform 'Android_ASTCClient'
[2020.07.23-01.45.53:441][  0]LogTargetPlatformManager: Display: Loaded TargetPlatform 'Android_DXTClient'
[2020.07.23-01.45.53:441][  0]LogTargetPlatformManager: Display: Loaded TargetPlatform 'Android_ETC2Client'
[2020.07.23-01.45.53:441][  0]LogTargetPlatformManager: Display: Loaded TargetPlatform 'Android_Multi'
[2020.07.23-01.45.53:441][  0]LogTargetPlatformManager: Display: Loaded TargetPlatform 'Android_MultiClient'
[2020.07.23-01.45.53:471][  0]LogTargetPlatformManager: Display: Loaded TargetPlatform 'IOSClient'
[2020.07.23-01.45.53:471][  0]LogTargetPlatformManager: Display: Loaded TargetPlatform 'IOS'
[2020.07.23-01.45.53:480][  0]LogTargetPlatformManager: Display: Loaded TargetPlatform 'Linux'
[2020.07.23-01.45.53:491][  0]LogTargetPlatformManager: Display: Loaded TargetPlatform 'LinuxNoEditor'
[2020.07.23-01.45.53:501][  0]LogTargetPlatformManager: Display: Loaded TargetPlatform 'LinuxClient'
[2020.07.23-01.45.53:511][  0]LogTargetPlatformManager: Display: Loaded TargetPlatform 'LinuxServer'
[2020.07.23-01.45.53:521][  0]LogTargetPlatformManager: Display: Loaded TargetPlatform 'LinuxAArch64NoEditor'
[2020.07.23-01.45.53:531][  0]LogTargetPlatformManager: Display: Loaded TargetPlatform 'LinuxAArch64Client'
[2020.07.23-01.45.53:540][  0]LogTargetPlatformManager: Display: Loaded TargetPlatform 'LinuxAArch64Server'
[2020.07.23-01.45.53:564][  0]LogTargetPlatformManager: Display: Loaded TargetPlatform 'Lumin'
[2020.07.23-01.45.53:564][  0]LogTargetPlatformManager: Display: Loaded TargetPlatform 'LuminClient'
[2020.07.23-01.45.53:578][  0]LogTargetPlatformManager: Display: Loaded TargetPlatform 'TVOSClient'
[2020.07.23-01.45.53:578][  0]LogTargetPlatformManager: Display: Loaded TargetPlatform 'TVOS'
[2020.07.23-01.45.53:589][  0]LogTargetPlatformManager: Display: Loaded TargetPlatform 'WindowsNoEditor'
[2020.07.23-01.45.53:600][  0]LogTargetPlatformManager: Display: Loaded TargetPlatform 'Windows'
[2020.07.23-01.45.53:613][  0]LogTargetPlatformManager: Display: Loaded TargetPlatform 'WindowsClient'
[2020.07.23-01.45.53:624][  0]LogTargetPlatformManager: Display: Loaded TargetPlatform 'WindowsServer'
[2020.07.23-01.45.53:624][  0]LogTargetPlatformManager: Display: Building Assets For Windows
[2020.07.23-01.45.53:639][  0]LogAudioDebug: Display: Lib vorbis DLL was dynamically loaded.
[2020.07.23-01.45.53:735][  0]LogShaderCompilers: Guid format shader working directory is 22 characters bigger than the processId version (H:/UnrealEngineProject/AttackGame/Intermediate/Shaders/WorkingDirectory/232/).
[2020.07.23-01.45.53:735][  0]LogShaderCompilers: Cleaned the shader compiler working directory 'C:/Users/Administrator/AppData/Local/Temp/UnrealShaderWorkingDir/31C2B35B44BD8676EC289EB98380531B/'.
[2020.07.23-01.45.53:736][  0]LogXGEController: Cannot use XGE Controller as Incredibuild is not installed on this machine.
[2020.07.23-01.45.53:736][  0]LogShaderCompilers: Cannot use XGE Shader Compiler as Incredibuild is not installed on this machine.
[2020.07.23-01.45.53:736][  0]LogShaderCompilers: Display: Using Local Shader Compiler.
[2020.07.23-01.45.54:415][  0]LogDerivedDataCache: Display: Max Cache Size: 512 MB
[2020.07.23-01.45.54:474][  0]LogDerivedDataCache: Loaded boot cache 0.06s 76MB C:/Users/Administrator/AppData/Local/UnrealEngine/4.25/DerivedDataCache/Boot.ddc.
[2020.07.23-01.45.54:474][  0]LogDerivedDataCache: Display: Loaded Boot cache: C:/Users/Administrator/AppData/Local/UnrealEngine/4.25/DerivedDataCache/Boot.ddc
[2020.07.23-01.45.54:474][  0]LogDerivedDataCache: FDerivedDataBackendGraph:  Pak pak cache file H:/UnrealEngineProject/AttackGame/DerivedDataCache/DDC.ddp not found, will not use a pak cache.
[2020.07.23-01.45.54:474][  0]LogDerivedDataCache: Unable to find inner node Pak for hierarchical cache Hierarchy.
[2020.07.23-01.45.54:474][  0]LogDerivedDataCache: FDerivedDataBackendGraph:  CompressedPak pak cache file H:/UnrealEngineProject/AttackGame/DerivedDataCache/Compressed.ddp not found, will not use a pak cache.
[2020.07.23-01.45.54:474][  0]LogDerivedDataCache: Unable to find inner node CompressedPak for hierarchical cache Hierarchy.
[2020.07.23-01.45.54:483][  0]LogDerivedDataCache: Display: Pak cache opened for reading ../../../Engine/DerivedDataCache/Compressed.ddp.
[2020.07.23-01.45.54:483][  0]LogDerivedDataCache: FDerivedDataBackendGraph:  EnterprisePak pak cache file ../../../Enterprise/DerivedDataCache/Compressed.ddp not found, will not use a pak cache.
[2020.07.23-01.45.54:483][  0]LogDerivedDataCache: Unable to find inner node EnterprisePak for hierarchical cache Hierarchy.
[2020.07.23-01.45.54:487][  0]LogDerivedDataCache: Using Local data cache path C:/Users/Administrator/AppData/Local/UnrealEngine/Common/DerivedDataCache: Writable
[2020.07.23-01.45.54:487][  0]LogDerivedDataCache: Shared data cache path not found in *engine.ini, will not use an Shared cache.
[2020.07.23-01.45.54:487][  0]LogDerivedDataCache: Unable to find inner node Shared for hierarchical cache Hierarchy.
[2020.07.23-01.45.54:532][  0]LogSlate: Using FreeType 2.10.0
[2020.07.23-01.45.54:533][  0]LogSlate: SlateFontServices - WITH_FREETYPE: 1, WITH_HARFBUZZ: 1
[2020.07.23-01.45.54:561][  0]LogAssetRegistry: FAssetRegistry took 0.0022 seconds to start up
[2020.07.23-01.45.54:764][  0]LogInit: Selected Device Profile: [Windows]
[2020.07.23-01.45.54:907][  0]LogMeshReduction: Using QuadricMeshReduction for automatic static mesh reduction
[2020.07.23-01.45.54:907][  0]LogMeshReduction: Using SimplygonMeshReduction for automatic skeletal mesh reduction
[2020.07.23-01.45.54:907][  0]LogMeshReduction: Using ProxyLODMeshReduction for automatic mesh merging
[2020.07.23-01.45.54:907][  0]LogMeshReduction: No distributed automatic mesh merging module available
[2020.07.23-01.45.54:907][  0]LogMeshMerging: No distributed automatic mesh merging module available
[2020.07.23-01.45.54:927][  0]LogNetVersion: AttackGame 1.0.0, NetCL: 13144385, EngineNetVer: 14, GameNetVer: 0 (Checksum: 1755835863)
[2020.07.23-01.45.55:389][  0]LogAISub: UAISubsystem::UAISubsystem AISubsystem (000001EB06E853C0), frame # 0
[2020.07.23-01.45.55:389][  0]LogAISub: UAISubsystem::UAISubsystem AIPerceptionSystem (000001EB06DA91C0), frame # 0
[2020.07.23-01.45.55:390][  0]LogAISub: UAISubsystem::UAISubsystem EnvQueryManager (000001EB06E2CA00), frame # 0
[2020.07.23-01.45.55:633][  0]LogPackageLocalizationCache: Processed 19 localized package path(s) for 1 prioritized culture(s) in 0.237602 seconds
[2020.07.23-01.45.55:637][  0]LogUObjectArray: 15917 objects as part of root set at end of initial load.
[2020.07.23-01.45.55:637][  0]LogUObjectAllocator: 3965568 out of 0 bytes used by permanent object pool.
[2020.07.23-01.45.55:637][  0]LogUObjectArray: CloseDisregardForGC: 0/0 objects in disregard for GC pool
[2020.07.23-01.45.56:092][  0]LogTcpMessaging: Initializing TcpMessaging bridge
[2020.07.23-01.45.56:170][  0]LogUdpMessaging: Initializing bridge on interface 0.0.0.0:0 to multicast group 230.0.0.1:6666.
[2020.07.23-01.45.56:312][  0]SourceControl: Source control is disabled
[2020.07.23-01.45.56:312][  0]SourceControl: Source control is disabled
[2020.07.23-01.45.56:317][  0]SourceControl: Source control is disabled
[2020.07.23-01.45.56:322][  0]SourceControl: Source control is disabled
[2020.07.23-01.45.56:332][  0]SourceControl: Source control is disabled
[2020.07.23-01.45.56:680][  0]LogAndroidPermission: UAndroidPermissionCallbackProxy::GetInstance
[2020.07.23-01.45.56:711][  0]LogAudioCaptureCore: Display: No Audio Capture implementations found. Audio input will be silent.
[2020.07.23-01.45.56:711][  0]LogAudioCaptureCore: Display: No Audio Capture implementations found. Audio input will be silent.
[2020.07.23-01.45.56:770][  0]LogOcInput: OculusInput pre-init called
[2020.07.23-01.45.56:783][  0]LogWindows: Failed to load 'OVRPlugin.dll' (GetLastError=126)
[2020.07.23-01.45.56:783][  0]LogWindows: File 'OVRPlugin.dll' does not exist
[2020.07.23-01.45.56:850][  0]LogEngine: Initializing Engine...
[2020.07.23-01.45.56:852][  0]LogHMD: Failed to initialize OpenVR with code 110
[2020.07.23-01.45.56:852][  0]LogMagicLeap: Warning: VR disabled because ZI is not enabled.  To enable, in the editor, Edit -> Project Settings -> Plugins -> Magic Leap Plugin -> Enable Zero Iteration
[2020.07.23-01.45.56:852][  0]LogStats: UGameplayTagsManager::InitializeManager -  0.000 s
[2020.07.23-01.45.56:968][  0]LogInit: Initializing FReadOnlyCVARCache
[2020.07.23-01.45.56:978][  0]LogAIModule: Creating AISystem for world Untitled
[2020.07.23-01.45.56:978][  0]LogAISub: UAISubsystem::UAISubsystem EnvQueryManager (000001EB10335C00), frame # 0
[2020.07.23-01.45.56:978][  0]LogAISub: UAISubsystem::UAISubsystem AIPerceptionSystem (000001EB10391BC0), frame # 0
[2020.07.23-01.45.57:039][  0]LogAudioMixer: Display: Audio Mixer Platform Settings:
[2020.07.23-01.45.57:039][  0]LogAudioMixer: Display: 	Sample Rate:						  48000
[2020.07.23-01.45.57:039][  0]LogAudioMixer: Display: 	Callback Buffer Frame Size Requested: 1024
[2020.07.23-01.45.57:039][  0]LogAudioMixer: Display: 	Callback Buffer Frame Size To Use:	  1024
[2020.07.23-01.45.57:039][  0]LogAudioMixer: Display: 	Number of buffers to queue:			  2
[2020.07.23-01.45.57:039][  0]LogAudioMixer: Display: 	Max Channels (voices):				  32
[2020.07.23-01.45.57:039][  0]LogAudioMixer: Display: 	Number of Async Source Workers:		  0
[2020.07.23-01.45.57:039][  0]LogAudio: Display: AudioDevice MaxSources: 32
[2020.07.23-01.45.57:039][  0]LogAudio: Display: Using built-in audio occlusion.
[2020.07.23-01.45.57:039][  0]LogAudioMixer: Display: Initializing audio mixer.
[2020.07.23-01.45.57:062][  0]LogAudioMixer: Display: 0: FrontLeft
[2020.07.23-01.45.57:062][  0]LogAudioMixer: Display: 1: FrontRight
[2020.07.23-01.45.57:175][  0]LogAudioMixer: Display: Using Audio Device 扬声器 (Realtek High Definition Audio)
[2020.07.23-01.45.57:178][  0]LogAudioMixer: Display: Initializing Sound Submixes...
[2020.07.23-01.45.57:180][  0]LogAudioMixer: Display: Creating Master Submix 'MasterSubmixDefault'
[2020.07.23-01.45.57:180][  0]LogAudioMixer: Display: Creating Master Submix 'MasterReverbSubmixDefault'
[2020.07.23-01.45.57:180][  0]LogAudioMixer: Display: Creating Master Submix 'MasterEQSubmixDefault'
[2020.07.23-01.45.57:181][  0]LogInit: FAudioDevice initialized.
[2020.07.23-01.45.57:181][  0]LogNetVersion: Set ProjectVersion to 1.0.0.0. Version Checksum will be recalculated on next use.
[2020.07.23-01.45.57:315][  0]LogDerivedDataCache: Saved boot cache 0.13s 76MB C:/Users/Administrator/AppData/Local/UnrealEngine/4.25/DerivedDataCache/Boot.ddc.
[2020.07.23-01.45.57:319][  0]LogInit: Texture streaming: Enabled
[2020.07.23-01.45.57:393][  0]LogEngineSessionManager: EngineSessionManager initialized
[2020.07.23-01.45.57:393][  0]LogEditorSessionSummary: Verbose: Initializing EditorSessionSummaryWriter for editor session tracking
[2020.07.23-01.45.57:440][  0]LogEditorSessionSummary: EditorSessionSummaryWriter initialized
[2020.07.23-01.45.57:473][  0]LogInit: Transaction tracking system initialized
[2020.07.23-01.45.57:514][  0]BlueprintLog: New page: Editor Load
[2020.07.23-01.45.57:665][  0]LocalizationService: Localization service is disabled
[2020.07.23-01.45.57:872][  0]LogCook: Display: Max memory allowance for cook 16384mb min free memory 0mb
[2020.07.23-01.45.57:873][  0]LogCook: Display: Mobile HDR setting 1
[2020.07.23-01.45.57:891][  0]LogFileCache: Scanning file cache for directory 'H:/UnrealEngineProject/AttackGame/Content/' took 0.00s
[2020.07.23-01.45.58:351][  0]SourceControl: Source control is disabled
[2020.07.23-01.45.58:351][  0]LogUnrealEdMisc: Loading editor; pre map load, took 9.959
[2020.07.23-01.45.58:351][  0]Cmd: MAP LOAD FILE="H:/UnrealEngineProject/AttackGame/Content/ThirdPersonBP/Maps/ThirdPersonExampleMap.umap" TEMPLATE=0 SHOWPROGRESS=1 FEATURELEVEL=3
[2020.07.23-01.45.58:351][  0]LightingResults: New page: Lighting Build
[2020.07.23-01.45.58:352][  0]LogWorld: UWorld::CleanupWorld for Untitled, bSessionEnded=true, bCleanupResources=true
[2020.07.23-01.45.58:352][  0]LogSlate: InvalidateAllWidgets triggered.  All widgets were invalidated
[2020.07.23-01.45.58:352][  0]MapCheck: New page: Map Check
[2020.07.23-01.45.58:352][  0]LightingResults: New page: Lighting Build
[2020.07.23-01.45.58:361][  0]LogAISub: UAISubsystem::~UAISubsystem EnvQueryManager (000001EB10335C00), frame # 0
[2020.07.23-01.45.58:361][  0]LogAISub: UAISubsystem::~UAISubsystem AIPerceptionSystem (000001EB10391BC0), frame # 0
[2020.07.23-01.45.58:362][  0]LogUObjectHash: Compacting FUObjectHashTables data took   0.53ms
[2020.07.23-01.45.59:272][  0]LogAIModule: Creating AISystem for world ThirdPersonExampleMap
[2020.07.23-01.45.59:272][  0]LogAISub: UAISubsystem::UAISubsystem EnvQueryManager (000001EB18463E00), frame # 0
[2020.07.23-01.45.59:272][  0]LogAISub: UAISubsystem::UAISubsystem AIPerceptionSystem (000001EB184B9080), frame # 0
[2020.07.23-01.45.59:518][  0]LogEditorServer: Finished looking for orphan Actors (0.000 secs)
[2020.07.23-01.45.59:761][  0]LogUObjectHash: Compacting FUObjectHashTables data took   0.72ms
[2020.07.23-01.45.59:762][  0]Cmd: MAP CHECKDEP NOCLEARLOG
[2020.07.23-01.45.59:762][  0]MapCheck: Map check complete: 0 Error(s), 0 Warning(s), took 0.087ms to complete.
[2020.07.23-01.45.59:762][  0]LogFileHelpers: Loading map 'ThirdPersonExampleMap' took 1.411
[2020.07.23-01.45.59:763][  0]LogUnrealEdMisc: Total Editor Startup Time, took 11.371
[2020.07.23-01.46.00:689][  0]LogSlate: Updating window title bar state: overlay mode, drag disabled, window buttons hidden, title bar hidden
[2020.07.23-01.46.00:695][  0]LogSlate: Updating window title bar state: overlay mode, drag disabled, window buttons hidden, title bar hidden
[2020.07.23-01.46.00:701][  0]LogSlate: Updating window title bar state: overlay mode, drag disabled, window buttons hidden, title bar hidden
[2020.07.23-01.46.00:708][  0]LogSlate: Updating window title bar state: overlay mode, drag disabled, window buttons hidden, title bar hidden
[2020.07.23-01.46.00:770][  0]LogCollectionManager: Loaded 0 collections in 0.001538 seconds
[2020.07.23-01.46.00:997][  0]LogFileCache: Scanning file cache for directory 'H:/UnrealEngineProject/AttackGame/Saved/Collections/' took 0.00s
[2020.07.23-01.46.00:997][  0]LogFileCache: Scanning file cache for directory 'H:/UnrealEngineProject/AttackGame/Content/Developers/Administrator/Collections/' took 0.00s
[2020.07.23-01.46.00:998][  0]LogFileCache: Scanning file cache for directory 'H:/UnrealEngineProject/AttackGame/Content/Collections/' took 0.00s
[2020.07.23-01.46.00:998][  0]LogContentBrowser: Native class hierarchy populated in 0.0089 seconds. Added 3427 classes and 821 folders.
[2020.07.23-01.46.01:013][  0]LogContentBrowser: Native class hierarchy updated for 'WidgetCarousel' in 0.0003 seconds. Added 0 classes and 0 folders.
[2020.07.23-01.46.01:044][  0]LogContentBrowser: Native class hierarchy updated for 'AddContentDialog' in 0.0003 seconds. Added 0 classes and 0 folders.
[2020.07.23-01.46.01:068][  0]LogContentBrowser: Native class hierarchy updated for 'SceneOutliner' in 0.0003 seconds. Added 2 classes and 0 folders.
[2020.07.23-01.46.01:570][  0]LogSlate: Took 0.000117 seconds to synchronously load lazily loaded font '../../../Engine/Content/Slate/Fonts/Roboto-Regular.ttf' (155K)
[2020.07.23-01.46.01:572][  0]LogSlate: Took 0.000105 seconds to synchronously load lazily loaded font '../../../Engine/Content/Slate/Fonts/Roboto-Bold.ttf' (160K)
[2020.07.23-01.46.01:589][  0]LogSlate: Took 0.012319 seconds to synchronously load lazily loaded font '../../../Engine/Content/Editor/Slate/Fonts/FontAwesome.ttf' (139K)
[2020.07.23-01.46.01:808][  0]LogRenderer: Reallocating scene render targets to support 1168x600 Format 10 NumSamples 1 (Frame:1).
[2020.07.23-01.46.01:977][  0]LogContentBrowser: Native class hierarchy updated for 'HierarchicalLODOutliner' in 0.0002 seconds. Added 0 classes and 0 folders.
[2020.07.23-01.46.01:977][  0]LogLoad: (Engine Initialization) Total time: 13.58 seconds
[2020.07.23-01.46.01:977][  0]LogLoad: (Engine Initialization) Total Blueprint compile time: 0.00 seconds
[2020.07.23-01.46.02:025][  0]LogContentStreaming: Texture pool size now 1000 MB
[2020.07.23-01.46.02:048][  0]LogSlate: Took 0.000217 seconds to synchronously load lazily loaded font '../../../Engine/Content/Slate/Fonts/Roboto-Light.ttf' (167K)
[2020.07.23-01.46.02:676][ 50]LogAssetRegistry: Asset discovery search completed in 8.1157 seconds
[2020.07.23-01.46.02:679][ 50]LogCollectionManager: Fixed up redirectors for 0 collections in 0.000002 seconds (updated 0 objects)
[2020.07.23-01.57.27:344][851]LogSlate: Took 0.000159 seconds to synchronously load lazily loaded font '../../../Engine/Content/Slate/Fonts/Roboto-Light.ttf' (167K)
[2020.07.23-01.57.29:901][851]LogSlate: Window 'Pick Parent Class' being destroyed
[2020.07.23-01.57.50:695][324]LogAssetEditorSubsystem: Opening Asset editor for Blueprint /Game/Test/BP_Player.BP_Player
[2020.07.23-01.57.51:039][324]LogContentBrowser: Native class hierarchy updated for 'BlueprintGraph' in 0.0005 seconds. Added 125 classes and 0 folders.
[2020.07.23-01.57.53:209][348]LogSlate: Took 0.004182 seconds to synchronously load lazily loaded font '../../../Engine/Content/Slate/Fonts/Roboto-Italic.ttf' (157K)
[2020.07.23-01.57.55:098][509]LogRenderer: Reallocating scene render targets to support 1168x740 Format 10 NumSamples 1 (Frame:169).
[2020.07.23-01.57.55:622][560]LogSlate: Window 'BP_Player' being destroyed
[2020.07.23-01.58.07:924][723]LogSlate: Window 'Pick Parent Class' being destroyed
[2020.07.23-01.58.24:745][723]LogAssetEditorSubsystem: Opening Asset editor for Blueprint /Game/Test/BP_Gamemode1.BP_Gamemode1
[2020.07.23-01.58.30:994][369]LogSlate: Prevented a slow task dialog from being summoned while a context menu was open
[2020.07.23-01.59.11:577][577]LogUObjectHash: Compacting FUObjectHashTables data took   2.30ms
[2020.07.23-01.59.11:580][577]LogFileHelpers: Editor autosave (incl. sublevels) for '/Game/ThirdPersonBP/Maps/ThirdPersonExampleMap' took 0.039
[2020.07.23-01.59.11:582][577]OBJ SavePackage: Generating thumbnails for [0] asset(s) in package [/Game/Test/BP_Player] ([1] browsable assets)...
[2020.07.23-01.59.11:582][577]OBJ SavePackage: Finished generating thumbnails for package [/Game/Test/BP_Player]
[2020.07.23-01.59.11:582][577]Cmd: OBJ SAVEPACKAGE PACKAGE="/Game/Test/BP_Player" FILE="H:/UnrealEngineProject/AttackGame/Saved/Autosaves/Game/Test/BP_Player_Auto1.uasset" SILENT=false AUTOSAVING=true
[2020.07.23-01.59.11:657][577]LogSavePackage: Moving 'H:/UnrealEngineProject/AttackGame/Saved/BP_Player_Auto1882BFD2949A9AC88BE02BE8D4E2D2AE9.tmp' to 'H:/UnrealEngineProject/AttackGame/Saved/Autosaves/Game/Test/BP_Player_Auto1.uasset'
[2020.07.23-01.59.11:660][577]OBJ SavePackage: Generating thumbnails for [0] asset(s) in package [/Game/Test/BP_Gamemode1] ([1] browsable assets)...
[2020.07.23-01.59.11:660][577]OBJ SavePackage: Finished generating thumbnails for package [/Game/Test/BP_Gamemode1]
[2020.07.23-01.59.11:660][577]Cmd: OBJ SAVEPACKAGE PACKAGE="/Game/Test/BP_Gamemode1" FILE="H:/UnrealEngineProject/AttackGame/Saved/Autosaves/Game/Test/BP_Gamemode1_Auto1.uasset" SILENT=false AUTOSAVING=true
[2020.07.23-01.59.11:667][577]LogSavePackage: Moving 'H:/UnrealEngineProject/AttackGame/Saved/BP_Gamemode1_Auto1231C9CD44F6910CACA1D5AA2146C8892.tmp' to 'H:/UnrealEngineProject/AttackGame/Saved/Autosaves/Game/Test/BP_Gamemode1_Auto1.uasset'
[2020.07.23-01.59.11:669][577]LogFileHelpers: Auto-saving content packages took 0.090
[2020.07.23-02.04.17:226][610]BlueprintLog: New page: Compile BP_Gamemode1
[2020.07.23-02.04.17:262][610]LogUObjectHash: Compacting FUObjectHashTables data took   2.07ms
[2020.07.23-02.04.17:322][610]LogSlate: Took 0.018938 seconds to synchronously load lazily loaded font '../../../Engine/Content/Slate/Fonts/DroidSansMono.ttf' (77K)
[2020.07.23-02.04.18:059][686]Cmd: OBJ SAVEPACKAGE PACKAGE="/Game/Test/BP_Gamemode1" FILE="H:/UnrealEngineProject/AttackGame/Content/Test/BP_Gamemode1.uasset" SILENT=true
[2020.07.23-02.04.18:066][686]LogSavePackage: Moving 'H:/UnrealEngineProject/AttackGame/Saved/BP_Gamemode1D78AA0CA47F9BF2643014AADE0140378.tmp' to 'H:/UnrealEngineProject/AttackGame/Content/Test/BP_Gamemode1.uasset'
[2020.07.23-02.04.18:103][686]AssetCheck: New page: Asset Save: BP_Gamemode1
[2020.07.23-02.04.18:103][686]LogContentValidation: Display: Validating Blueprint /Game/Test/BP_Gamemode1.BP_Gamemode1
[2020.07.23-02.04.34:068][469]BlueprintLog: New page: Compile BP_Player
[2020.07.23-02.04.34:108][469]LogUObjectHash: Compacting FUObjectHashTables data took   1.68ms
[2020.07.23-02.04.34:606][517]Cmd: OBJ SAVEPACKAGE PACKAGE="/Game/Test/BP_Player" FILE="H:/UnrealEngineProject/AttackGame/Content/Test/BP_Player.uasset" SILENT=true
[2020.07.23-02.04.34:668][517]LogSavePackage: Moving 'H:/UnrealEngineProject/AttackGame/Saved/BP_PlayerF8913F364CD94583F8A723899DBBC68F.tmp' to 'H:/UnrealEngineProject/AttackGame/Content/Test/BP_Player.uasset'
[2020.07.23-02.04.34:707][517]AssetCheck: New page: Asset Save: BP_Player
[2020.07.23-02.04.34:707][517]LogContentValidation: Display: Validating Blueprint /Game/Test/BP_Player.BP_Player
[2020.07.23-02.05.09:101][239]LogSlate: Prevented a slow task dialog from being summoned while a context menu was open
[2020.07.23-02.05.33:975][126]LogSlate: Window 'Project Settings' being destroyed
[2020.07.23-02.05.33:983][126]LogSlate: Window 'Project Settings' being destroyed
[2020.07.23-02.06.46:585][ 33]LogEditorViewport: Clicking on Actor (LMB): PlayerStart (NetworkPlayerStart)
[2020.07.23-02.07.10:323][830]Cmd: DELETE
[2020.07.23-02.07.10:323][830]Cmd: ACTOR DELETE
[2020.07.23-02.07.10:385][830]LogEditorActor: Deleted Actor: PlayerStart
[2020.07.23-02.07.10:432][830]LogUObjectHash: Compacting FUObjectHashTables data took   3.39ms
[2020.07.23-02.07.10:435][830]LogEditorActor: Deleted 1 Actors (0.070 secs)
[2020.07.23-02.07.15:771][434]LogUObjectHash: Compacting FUObjectHashTables data took   2.13ms
[2020.07.23-02.07.15:820][434]LogSavePackage: Moving 'H:/UnrealEngineProject/AttackGame/Saved/ThirdPersonExampleMap774055624918E9762A3C05AD5CE5D812.tmp' to 'H:/UnrealEngineProject/AttackGame/Content/ThirdPersonBP/Maps/ThirdPersonExampleMap.umap'
[2020.07.23-02.07.16:012][434]LogSavePackage: Moving 'H:/UnrealEngineProject/AttackGame/Saved/ThirdPersonExampleMap_BuiltData0D719F7A4FD970C53F13A290F0D96A57.tmp' to 'H:/UnrealEngineProject/AttackGame/Content/ThirdPersonBP/Maps/ThirdPersonExampleMap_BuiltData.uasset'
[2020.07.23-02.07.16:032][434]AssetCheck: New page: Asset Save: multiple assets
[2020.07.23-02.07.16:032][434]LogContentValidation: Display: Validating World /Game/ThirdPersonBP/Maps/ThirdPersonExampleMap.ThirdPersonExampleMap
[2020.07.23-02.07.16:032][434]LogContentValidation: Display: Validating MapBuildDataRegistry /Game/ThirdPersonBP/Maps/ThirdPersonExampleMap_BuiltData.ThirdPersonExampleMap_BuiltData
[2020.07.23-02.09.13:204][351]BlueprintLog: New page: Compile BP_Player
[2020.07.23-02.09.13:257][351]LogUObjectHash: Compacting FUObjectHashTables data took   2.05ms
[2020.07.23-02.09.13:864][418]Cmd: OBJ SAVEPACKAGE PACKAGE="/Game/Test/BP_Player" FILE="H:/UnrealEngineProject/AttackGame/Content/Test/BP_Player.uasset" SILENT=true
[2020.07.23-02.09.13:879][418]LogSavePackage: Moving 'H:/UnrealEngineProject/AttackGame/Saved/BP_PlayerD10097D1424B9DE9667213B3B80C28D6.tmp' to 'H:/UnrealEngineProject/AttackGame/Content/Test/BP_Player.uasset'
[2020.07.23-02.09.13:916][418]AssetCheck: New page: Asset Save: BP_Player
[2020.07.23-02.09.13:916][418]LogContentValidation: Display: Validating Blueprint /Game/Test/BP_Player.BP_Player
[2020.07.23-02.17.16:039][244]LogUObjectHash: Compacting FUObjectHashTables data took   2.77ms
[2020.07.23-02.17.16:043][244]LogFileHelpers: Editor autosave (incl. sublevels) for '/Game/ThirdPersonBP/Maps/ThirdPersonExampleMap' took 0.035
[2020.07.23-02.17.16:044][244]OBJ SavePackage: Generating thumbnails for [1] asset(s) in package [/Game/Test/BP_Player] ([1] browsable assets)...
[2020.07.23-02.17.16:076][244]OBJ SavePackage:     Rendered thumbnail for [Blueprint /Game/Test/BP_Player.BP_Player]
[2020.07.23-02.17.16:076][244]OBJ SavePackage: Finished generating thumbnails for package [/Game/Test/BP_Player]
[2020.07.23-02.17.16:076][244]Cmd: OBJ SAVEPACKAGE PACKAGE="/Game/Test/BP_Player" FILE="H:/UnrealEngineProject/AttackGame/Saved/Autosaves/Game/Test/BP_Player_Auto2.uasset" SILENT=false AUTOSAVING=true
[2020.07.23-02.17.16:104][244]LogSavePackage: Moving 'H:/UnrealEngineProject/AttackGame/Saved/BP_Player_Auto2A2403D9D44AA1F3F97C06784B766530E.tmp' to 'H:/UnrealEngineProject/AttackGame/Saved/Autosaves/Game/Test/BP_Player_Auto2.uasset'
[2020.07.23-02.17.16:108][244]LogFileHelpers: Auto-saving content packages took 0.065
